23-01-31 16:25:54 Export Changed Components (by Add-in) for SaQ.xlsb: 
23-01-31 16:25:54 ----------------------------------------------------
23-01-31 16:25:55 UserForm        fMsg .........: Modified Used Common Component exported (due revert allert registered!)
23-01-31 16:25:55 Standard-Module mCompManClient: Modified Used Common Component exported (due revert allert registered!)
23-01-31 16:25:55 Standard-Module mErH .........: Modified Used Common Component exported (due revert allert registered!)
23-01-31 16:25:55 Standard-Module mMsg .........: Modified Used Common Component exported (due revert allert registered!)
23-01-31 16:25:55 Standard-Module mTest ........: Modified code exported
23-01-31 16:25:55 Standard-Module mTrc .........: Modified Used Common Component exported (due revert allert registered!)
23-01-31 16:25:55 Workbook        wbSaQ ........: Modified code exported
23-01-31 16:25:55 Worksheet       wsUnused .....: Modified code exported
23-01-31 16:31:37 ============================================================
23-01-31 16:31:37 Update Outdated Common Components (by Add-in) for SaQ.xlsb: 
23-01-31 16:31:37 ------------------------------------------------------------
23-01-31 18:59:14 ====================================================
23-01-31 18:59:14 Export Changed Components (by Add-in) for SaQ.xlsb: 
23-01-31 18:59:14 ----------------------------------------------------
23-01-31 18:59:15 Class-Module    clsQueue .....: Hosted Raw Common Component code modified
23-01-31 18:59:15                                 Code modified of Hosted Raw Common Component
23-01-31 18:59:15                                 Exported, Revision Number increased, Export File copied to 'Common Components Folder'
23-01-31 18:59:15 Class-Module    clsStack .....: Hosted Raw Common Component code modified
23-01-31 18:59:15                                 Code modified of Hosted Raw Common Component
23-01-31 18:59:15                                 Exported, Revision Number increased, Export File copied to 'Common Components Folder'
23-01-31 18:59:15 UserForm        fMsg .........: Unchanged Used Common Component
23-01-31 18:59:15 Standard-Module mCompManClient: Unchanged Used Common Component
23-01-31 18:59:15 Standard-Module mErH .........: Unchanged Used Common Component
23-01-31 18:59:15 Standard-Module mMsg .........: Unchanged Used Common Component
23-01-31 18:59:15 Standard-Module mQueue .......: Hosted Raw Common Component code modified
23-01-31 18:59:15                                 Code modified of Hosted Raw Common Component
23-01-31 18:59:15                                 Exported, Revision Number increased, Export File copied to 'Common Components Folder'
23-01-31 18:59:15 Standard-Module mQueuePrivate : Modified code exported
23-01-31 18:59:15 Standard-Module mStack .......: Hosted Raw Common Component code modified
23-01-31 18:59:15                                 Code modified of Hosted Raw Common Component
23-01-31 18:59:15                                 Exported, Revision Number increased, Export File copied to 'Common Components Folder'
23-01-31 18:59:15 Standard-Module mStackPrivate : Modified code exported
23-01-31 18:59:15 Standard-Module mTest ........: Modified code exported
23-01-31 18:59:15 Standard-Module mTrc .........: Unchanged Used Common Component
23-01-31 18:59:15 Workbook        wbSaQ ........: Unchanged component
23-01-31 18:59:15 Worksheet       wsUnused .....: Unchanged component
