24-09-30 19:14:18 Elapsed Length  Execution trace by 'Common VBA Execution Trace Service (mTrc)' (https://github.com/warbe-maker/VBA-Trace)
24-09-30 19:14:18 seconds seconds >> Update Outdated Common Components (by CompMan.xlsb) for SaQ.xlsb
24-09-30 19:14:18 00,0000         |  >> mCompMan.UpdateOutdatedCommonComponents
24-09-30 19:14:18 00,0007         |  |  >> mCompMan.ServiceInitiate
24-09-30 19:14:18 00,0011         |  |  |  >> clsCommonPublic.Class_Initialize
24-09-30 19:14:18 00,0407 00,0397 |  |  |  << clsCommonPublic.Class_Initialize
24-09-30 19:14:18 00,0506         |  |  |  >> clsServiced.MaxLengths
24-09-30 19:14:18 00,3361 00,2855 |  |  |  << clsServiced.MaxLengths
24-09-30 19:14:18 00,3381         |  |  |  >> mHskpng.CommComps
24-09-30 19:14:19 00,3725         |  |  |  |  >> mHskpng.CommCompsPublicObsolete
24-09-30 19:14:19 00,3954 00,0229 |  |  |  |  << mHskpng.CommCompsPublicObsolete
24-09-30 19:14:19 00,3980         |  |  |  |  >> mHskpng.CommCompsPublicNew
24-09-30 19:14:19 00,4218 00,0238 |  |  |  |  << mHskpng.CommCompsPublicNew
24-09-30 19:14:19 00,4236         |  |  |  |  >> mHskpng.CommCompsServicedHosted
24-09-30 19:14:19 00,4395 00,0160 |  |  |  |  << mHskpng.CommCompsServicedHosted
24-09-30 19:14:19 00,4412         |  |  |  |  >> mHskpng.CommCompsServicedNotHosted
24-09-30 19:14:19 00,4687 00,0274 |  |  |  |  << mHskpng.CommCompsServicedNotHosted
24-09-30 19:14:19 00,4704         |  |  |  |  >> mHskpng.CommCompsServicedKindOf
24-09-30 19:14:19 00,4814 00,0110 |  |  |  |  << mHskpng.CommCompsServicedKindOf
24-09-30 19:14:19 00,4830         |  |  |  |  >> mHskpng.CommCompsServicedObsolete
24-09-30 19:14:19 00,6154 00,1324 |  |  |  |  << mHskpng.CommCompsServicedObsolete
24-09-30 19:14:19 00,6171         |  |  |  |  >> mHskpng.CommCompsServicedPendingRelease
24-09-30 19:14:19 00,6371 00,0199 |  |  |  |  << mHskpng.CommCompsServicedPendingRelease
24-09-30 19:14:19 00,6388         |  |  |  |  >> mHskpng.CommCompsServicedPendingReleaseOutstanding
24-09-30 19:14:19 00,9153 00,2765 |  |  |  |  << mHskpng.CommCompsServicedPendingReleaseOutstanding
24-09-30 19:14:19 00,9210         |  |  |  |  >> mHskpng.CommCompsServicedProperties
24-09-30 19:14:20 01,4943 00,5733 |  |  |  |  << mHskpng.CommCompsServicedProperties
24-09-30 19:14:20 01,4962 01,1580 |  |  |  << mHskpng.CommComps
24-09-30 19:14:20 01,4964 01,4957 |  |  << mCompMan.ServiceInitiate
24-09-30 19:14:20 01,4966         |  |  >> mCompMan.UpdateOutdatedCommonComponents
24-09-30 19:14:20 01,4969         |  |  |  >> mCommComps.CollectOutdated
24-09-30 19:14:35 17,3538 15,8569 |  |  |  << mCommComps.CollectOutdated
24-09-30 19:14:41 17,3665         |  |  |  >> mCommComps.ChoiceUpdate
24-09-30 19:14:41 17,3722         |  |  |  |  >> mMe.ByReImport
24-09-30 19:14:42 17,8509         |  |  |  |  |  >> mMe.OutCommentCode
24-09-30 19:14:42 17,9770 00,1261 |  |  |  |  |  << mMe.OutCommentCode
24-09-30 19:14:42 18,1454 00,7732 |  |  |  |  << mMe.ByReImport
24-09-30 19:14:47 22,6775 05,3110 |  |  |  << mCommComps.ChoiceUpdate
24-09-30 19:14:50 22,6930         |  |  |  >> mCommComps.ChoiceUpdate
24-09-30 19:14:50 22,6976         |  |  |  |  >> mMe.ByReImport
24-09-30 19:14:50 23,1981         |  |  |  |  |  >> mMe.OutCommentCode
24-09-30 19:14:50 23,4576 00,2595 |  |  |  |  |  << mMe.OutCommentCode
24-09-30 19:14:51 23,6695 00,9719 |  |  |  |  << mMe.ByReImport
24-09-30 19:15:05 37,7276 15,0346 |  |  |  << mCommComps.ChoiceUpdate
24-09-30 19:15:08 37,7412         |  |  |  >> mCommComps.ChoiceUpdate
24-09-30 19:15:08 37,7498         |  |  |  |  >> mMe.ByReImport
24-09-30 19:15:08 38,0809         |  |  |  |  |  >> mMe.OutCommentCode
24-09-30 19:15:08 38,4407 00,3597 |  |  |  |  |  << mMe.OutCommentCode
24-09-30 19:15:09 38,6160 00,8662 |  |  |  |  << mMe.ByReImport
24-09-30 19:15:09 38,6827 00,9415 |  |  |  << mCommComps.ChoiceUpdate
24-09-30 19:15:11 38,6971         |  |  |  >> mCommComps.ChoiceUpdate
24-09-30 19:15:11 38,7022         |  |  |  |  >> mMe.ByReImport
24-09-30 19:15:11 39,0424         |  |  |  |  |  >> mMe.OutCommentCode
24-09-30 19:15:11 39,0676 00,0252 |  |  |  |  |  << mMe.OutCommentCode
24-09-30 19:15:11 39,2249 00,5227 |  |  |  |  << mMe.ByReImport
24-09-30 19:15:11 39,3096 00,6125 |  |  |  << mCommComps.ChoiceUpdate
24-09-30 19:15:13 39,3239         |  |  |  >> mCommComps.ChoiceUpdate
24-09-30 19:15:13 39,3298         |  |  |  |  >> mMe.ByReImport
24-09-30 19:15:13 39,6395         |  |  |  |  |  >> mMe.OutCommentCode
24-09-30 19:15:13 39,6964 00,0569 |  |  |  |  |  << mMe.OutCommentCode
24-09-30 19:15:13 39,8521 00,5223 |  |  |  |  << mMe.ByReImport
24-09-30 19:15:13 39,9265 00,6026 |  |  |  << mCommComps.ChoiceUpdate
24-09-30 19:15:15 39,9421         |  |  |  >> mCommComps.ChoiceUpdate
24-09-30 19:15:15 39,9472         |  |  |  |  >> mMe.ByReImport
24-09-30 19:15:15 40,2708         |  |  |  |  |  >> mMe.OutCommentCode
24-09-30 19:15:15 40,3544 00,0836 |  |  |  |  |  << mMe.OutCommentCode
24-09-30 19:15:16 40,5031 00,5558 |  |  |  |  << mMe.ByReImport
24-09-30 19:15:16 40,5744 00,6322 |  |  |  << mCommComps.ChoiceUpdate
24-09-30 19:15:17 40,5914         |  |  |  >> mCommComps.ChoiceUpdate
24-09-30 19:15:17 40,5947         |  |  |  |  >> mMe.ByReImport
24-09-30 19:15:17 40,9134         |  |  |  |  |  >> mMe.OutCommentCode
24-09-30 19:15:17 40,9951 00,0817 |  |  |  |  |  << mMe.OutCommentCode
24-09-30 19:15:18 41,1360 00,5413 |  |  |  |  << mMe.ByReImport
24-09-30 19:15:18 41,2018 00,6105 |  |  |  << mCommComps.ChoiceUpdate
24-09-30 19:15:18 41,2057 39,7091 |  |  << mCompMan.UpdateOutdatedCommonComponents
