24-12-21-17:06:05 ---------------------- Export Changed Components (by Add-in) for SaQ.xlsb -----------------------
24-12-21-17:06:05 -------------------------------------------------------------------------------------------------
24-12-21-17:06:05  Class-Module     clsTestAid.....:  Common Component code change:                                
24-12-21-17:06:05                                     Line 0637 Serviced (CodeModule)....:     sNameTestFile = Replace(sTestFolder & "\Test-" & sTestId & "-" & lVerificationNumber & "." & sTestFileExtension, "..", ".") 
24-12-21-17:06:05                                     Line 0637 Serviced (Export-File)...:     sNameTestFile = sTestFolder & "\Test-" & sTestId & "-" & lVerificationNumber & sTestFileExtension                           
24-12-21-17:06:05                                     Modified Common Component: Release registered pending                                                                                                                
24-12-21-17:06:05                                     Serviced Common Component modified: E x p o r t e d !                                                                                                                
24-12-21-17:06:05                                     Serviced Common Component modified: Re-registered pending release                                                                                                    
24-12-21-17:18:19 =================================================================================================
24-12-21-17:18:19 ---------------------- Export Changed Components (by Add-in) for SaQ.xlsb -----------------------
24-12-21-17:18:19 -------------------------------------------------------------------------------------------------
24-12-21-17:18:19  Standard-Module  mQ.............:  Common Component code change:                                
24-12-21-17:18:19                                     Line 0375 Serviced (CodeModule)....:                       Optional ByRef i_number As Long) As Boolean 
24-12-21-17:18:19                                     Line 0375 Serviced (Export-File)...:                       Optional ByRef i_no_found As Long) As Boolean 
24-12-21-17:18:19                                     Modified Common Component: Release registered pending                                                    
24-12-21-17:18:19                                     Serviced Common Component modified: E x p o r t e d !                                                    
24-12-21-17:18:19                                     Serviced Common Component modified: Re-registered pending release                                        
24-12-21-17:18:19  Standard-Module  mTest..........:  Modified VBComponent e x p o r t e d !                                                                   
24-12-21-17:18:20  Class-Module     clsTestAid.....:  Common Component code change:                                                                            
24-12-21-17:18:20                                     Line 2270 Serviced (CodeModule)....:         Then sPassedFailed = "Failed" _                             
24-12-21-17:18:20                                     Line 2270 Serviced (Export-File)...:         Then sPassedFailed = "Passed" _                             
24-12-21-17:18:20                                     Modified Common Component: Release registered pending                                                    
24-12-21-17:18:20                                     Serviced Common Component modified: E x p o r t e d !                                                    
24-12-21-17:18:20                                     Serviced Common Component modified: Re-registered pending release                                        
24-12-21-17:18:20  Class-Module     clsQ...........:  Common Component code change:                                                                            
24-12-21-17:18:20                                     Line 0161 Serviced (CodeModule)....:                 Optional ByRef i_number As Long) As Boolean         
24-12-21-17:18:20                                     Line 0161 Serviced (Export-File)...:                 Optional ByRef i_no_found As Long) As Boolean       
24-12-21-17:18:20                                     Modified Common Component: Release registered pending                                                    
24-12-21-17:18:20                                     Serviced Common Component modified: E x p o r t e d !                                                    
24-12-21-17:18:20                                     Serviced Common Component modified: Re-registered pending release                                        
24-12-21-17:54:11 =================================================================================================
24-12-21-17:54:11 ---------------------- Export Changed Components (by Add-in) for SaQ.xlsb -----------------------
24-12-21-17:54:11 -------------------------------------------------------------------------------------------------
24-12-21-17:54:11  Standard-Module  mTest..........:  Modified VBComponent e x p o r t e d !                       
24-12-21-17:54:11  Class-Module     clsQ...........:  Common Component code change:                                
24-12-21-17:54:11                                     Line 0266 Serviced (CodeModule)....:         Case VBA.IsObject(q_1) And VBA.IsObject(q_2):           QidenticalItems = q_1 Is q_2 
24-12-21-17:54:11                                     Line 0266 Serviced (Export-File)...:         Case VarType(q_1) = vbObject And VarType(q_2) = vbObject:   QidenticalItems = q_1 Is q_2 
24-12-21-17:54:11                                     Modified Common Component: Release registered pending                                                                                 
24-12-21-17:54:11                                     Serviced Common Component modified: E x p o r t e d !                                                                                 
24-12-21-17:54:11                                     Serviced Common Component modified: Re-registered pending release                                                                     
24-12-21-18:00:35 =================================================================================================
24-12-21-18:00:35 ---------------------- Export Changed Components (by Add-in) for SaQ.xlsb -----------------------
24-12-21-18:00:35 -------------------------------------------------------------------------------------------------
24-12-21-18:00:35  Class-Module     clsQ...........:  Serviced Common Component properties housekeeping:           
24-12-21-18:00:35                                     Serviced Common Component's Export-File meets public: Properties set equal public 
24-12-21-18:00:36  Standard-Module  mQ.............:  Common Component code change:                                                     
24-12-21-18:00:36                                     Line 0350 Serviced (CodeModule)....:                                  ByVal q_2 As Variant) As Boolean 
24-12-21-18:00:36                                     Line 0350 Serviced (Export-File)...:                                      ByVal q_2 As Variant) As Boolean 
24-12-21-18:00:37                                     Modified Common Component: Release registered pending                                                      
24-12-21-18:00:37                                     Serviced Common Component modified: E x p o r t e d !                                                      
24-12-21-18:00:37                                     Serviced Common Component modified: Re-registered pending release                                          
24-12-21-18:00:37  Standard-Module  mTest..........:  Modified VBComponent e x p o r t e d !                                                                     
24-12-21-18:07:01 =================================================================================================
24-12-21-18:07:01 ---------------------- Export Changed Components (by Add-in) for SaQ.xlsb -----------------------
24-12-21-18:07:01 -------------------------------------------------------------------------------------------------
24-12-21-18:07:01  Class-Module     clsQ...........:  Serviced Common Component properties housekeeping:           
24-12-21-18:07:01                                     Serviced Common Component's Export-File meets public: Properties set equal public 
24-12-21-18:07:02  Standard-Module  mQ.............:  Common Component code change:                                                     
24-12-21-18:07:02                                     Line 0227 Serviced (CodeModule)....: 'Private Function IsInQueue(ByVal i_queue As Collection, _ 
24-12-21-18:07:02                                     Line 0227 Serviced (Export-File)...: Private Function IsInQueue(ByVal i_queue As Collection, _  
24-12-21-18:07:03                                     Modified Common Component: Release registered pending                                           
24-12-21-18:07:03                                     Serviced Common Component modified: E x p o r t e d !                                           
24-12-21-18:07:03                                     Serviced Common Component modified: Re-registered pending release                               
